
The debug message
The debug message
The debug message
The debug message
The debug message
The debug message
The debug message
The debug message
The debug message
 did not recieve commit from all, aborting
The debug message
 did not recieve commit from all, sending global abort
The debug message
 did not recieve commit from all, sending global abort
The debug message
 did not recieve commit from all, sending global abort
 did not recieve commit from all, sending global abort
The debug message
The debug message
The debug message
 did not recieve commit from all, sending global abort
The debug message
 did not recieve commit from all, sending global abort
The debug message
 did not recieve commit from all, sending global abort
The debug message
 did not recieve commit from all, sending global abort
The debug message
 did not recieve commit from all, sending global abort
The debug message
 did not recieve commit from all, sending global abort
 did not recieve commit from all, sending global abort
The debug message
The debug message
 did not recieve commit from all, sending global abort
 did not recieve commit from all, sending global abort
 aborted successfully
The debug message
 did not recieve commit from all, sending global abort
 aborted successfully
The debug message
 did not recieve commit from all, sending global abort
 aborted successfully
 did not recieve commit from all, sending global abort
 aborted successfully
 did not recieve commit from all, sending global abort
 aborted successfully
The debug message
 did not recieve commit from all, sending global abort
 aborted successfully
The debug message
 did not recieve commit from all, sending global abort
 aborted successfully
The debug message
 did not recieve commit from all, sending global abort
 aborted successfully
 did not recieve commit from all, sending global abort
 aborted successfully
 did not recieve commit from all, sending global abort
 aborted successfully
 did not recieve commit from all, sending global abort
 aborted successfully
The debug message
 did not recieve commit from all, sending global abort
 aborted successfully
The debug message
 did not recieve commit from all, sending global abort
 aborted successfully
The debug message
 recieved commit from all, committing
The debug message
 did not recieve commit from all, sending global abort
 aborted successfully
 did not recieve commit from all, sending global abort
 aborted successfully
The debug message
 did not recieve commit from all, sending global abort
 aborted successfully
The debug message
 recieved commit from all, committing
The debug message
The debug message
 recieved commit from all, committing
The debug message
The debug message
 recieved commit from all, committing
The debug message
 did not recieve commit from all, sending global abort
 aborted successfully